<?xml version="1.0" encoding="UTF-8"?>
<!-- Generated by org.testng.reporters.JUnitXMLReporter -->
<testsuite hostname="saidinesh-mbp" ignored="0" name="Default test" tests="3" failures="0" timestamp="23 May 2020 05:22:32 GMT" time="17.052" errors="0">
  <testcase name="postnewEmployees" time="11.054" classname="Datadriven.DataDrivenTest_AddEmployees"/>
  <testcase name="postnewEmployees" time="4.5" classname="Datadriven.DataDrivenTest_AddEmployees"/>
  <testcase name="postnewEmployees" time="1.434" classname="Datadriven.DataDrivenTest_AddEmployees"/>
</testsuite> <!-- Default test -->
