<?xml version="1.0" encoding="UTF-8"?>
<!-- Generated by org.testng.reporters.JUnitXMLReporter -->
<testsuite hostname="saidinesh-mbp" ignored="0" name="Test" tests="34" failures="18" timestamp="23 May 2020 09:19:59 GMT" time="28.662" errors="0">
  <testcase name="checkContentType" time="0.006" classname="employeeapi.testCases.TC004_Put_Employee_Record">
    <failure type="java.lang.AssertionError" message="expected:&amp;lt;application/json;charset=utf-8&amp;gt; but was:&amp;lt;text/html; charset=UTF-8&amp;gt;">
      <![CDATA[java.lang.AssertionError: expected:<application/json;charset=utf-8> but was:<text/html; charset=UTF-8>
at employeeapi.testCases.TC004_Put_Employee_Record.checkContentType(TC004_Put_Employee_Record.java:99)
... Removed 27 stack frames]]>
    </failure>
  </testcase> <!-- checkContentType -->
  <testcase name="checkResposeBody" time="0.024" classname="employeeapi.testCases.TC004_Put_Employee_Record">
    <failure type="java.lang.AssertionError" message="expected:&amp;lt;false&amp;gt; but was:&amp;lt;true&amp;gt;">
      <![CDATA[java.lang.AssertionError: expected:<false> but was:<true>
at employeeapi.testCases.TC004_Put_Employee_Record.checkResposeBody(TC004_Put_Employee_Record.java:75)
... Removed 30 stack frames]]>
    </failure>
  </testcase> <!-- checkResposeBody -->
  <testcase name="checkStatusCode" time="0.001" classname="employeeapi.testCases.TC004_Put_Employee_Record"/>
  <testcase name="checkcontentEncoding" time="0.001" classname="employeeapi.testCases.TC004_Put_Employee_Record">
    <failure type="java.lang.AssertionError" message="expected:&amp;lt;null&amp;gt; but was:&amp;lt;gzip&amp;gt;">
      <![CDATA[java.lang.AssertionError: expected:<null> but was:<gzip>
at employeeapi.testCases.TC004_Put_Employee_Record.checkcontentEncoding(TC004_Put_Employee_Record.java:113)
... Removed 27 stack frames]]>
    </failure>
  </testcase> <!-- checkcontentEncoding -->
  <testcase name="checkserverType" time="0.003" classname="employeeapi.testCases.TC004_Put_Employee_Record">
    <failure type="java.lang.AssertionError" message="expected:&amp;lt;nginx/1.16.0&amp;gt; but was:&amp;lt;nginx/1.14.1&amp;gt;">
      <![CDATA[java.lang.AssertionError: expected:<nginx/1.16.0> but was:<nginx/1.14.1>
at employeeapi.testCases.TC004_Put_Employee_Record.checkserverType(TC004_Put_Employee_Record.java:106)
... Removed 27 stack frames]]>
    </failure>
  </testcase> <!-- checkserverType -->
  <testcase name="checkstatusLine" time="0.001" classname="employeeapi.testCases.TC004_Put_Employee_Record"/>
  <testcase name="checkContentLenght" time="0.005" classname="employeeapi.testCases.TC001_Get_All_Employees"/>
  <testcase name="checkContentType" time="0.003" classname="employeeapi.testCases.TC001_Get_All_Employees">
    <failure type="java.lang.AssertionError" message="expected:&amp;lt;application/json;charset=utf-8&amp;gt; but was:&amp;lt;text/html; charset=UTF-8&amp;gt;">
      <![CDATA[java.lang.AssertionError: expected:<application/json;charset=utf-8> but was:<text/html; charset=UTF-8>
at employeeapi.testCases.TC001_Get_All_Employees.checkContentType(TC001_Get_All_Employees.java:107)
... Removed 27 stack frames]]>
    </failure>
  </testcase> <!-- checkContentType -->
  <testcase name="checkCookies" time="0.004" classname="employeeapi.testCases.TC001_Get_All_Employees"/>
  <testcase name="checkResponseTime" time="0.003" classname="employeeapi.testCases.TC001_Get_All_Employees"/>
  <testcase name="checkResposeBody" time="0.003" classname="employeeapi.testCases.TC001_Get_All_Employees"/>
  <testcase name="checkStatusCode" time="0.003" classname="employeeapi.testCases.TC001_Get_All_Employees"/>
  <testcase name="checkcontentEncoding" time="0.003" classname="employeeapi.testCases.TC001_Get_All_Employees"/>
  <testcase name="checkserverType" time="0.003" classname="employeeapi.testCases.TC001_Get_All_Employees">
    <failure type="java.lang.AssertionError" message="expected:&amp;lt;nginx/1.16.0&amp;gt; but was:&amp;lt;nginx/1.14.1&amp;gt;">
      <![CDATA[java.lang.AssertionError: expected:<nginx/1.16.0> but was:<nginx/1.14.1>
at employeeapi.testCases.TC001_Get_All_Employees.checkserverType(TC001_Get_All_Employees.java:117)
... Removed 27 stack frames]]>
    </failure>
  </testcase> <!-- checkserverType -->
  <testcase name="checkstatusLine" time="0.008" classname="employeeapi.testCases.TC001_Get_All_Employees"/>
  <testcase name="checkContentType" time="0.003" classname="employeeapi.testCases.TC003_Post_Employee_Record">
    <failure type="java.lang.AssertionError" message="expected:&amp;lt;application/json;charset=utf-8&amp;gt; but was:&amp;lt;text/html; charset=UTF-8&amp;gt;">
      <![CDATA[java.lang.AssertionError: expected:<application/json;charset=utf-8> but was:<text/html; charset=UTF-8>
at employeeapi.testCases.TC003_Post_Employee_Record.checkContentType(TC003_Post_Employee_Record.java:99)
... Removed 27 stack frames]]>
    </failure>
  </testcase> <!-- checkContentType -->
  <testcase name="checkResposeBody" time="0.001" classname="employeeapi.testCases.TC003_Post_Employee_Record"/>
  <testcase name="checkStatusCode" time="0.002" classname="employeeapi.testCases.TC003_Post_Employee_Record"/>
  <testcase name="checkcontentEncoding" time="0.001" classname="employeeapi.testCases.TC003_Post_Employee_Record">
    <failure type="java.lang.AssertionError" message="expected:&amp;lt;null&amp;gt; but was:&amp;lt;gzip&amp;gt;">
      <![CDATA[java.lang.AssertionError: expected:<null> but was:<gzip>
at employeeapi.testCases.TC003_Post_Employee_Record.checkcontentEncoding(TC003_Post_Employee_Record.java:113)
... Removed 27 stack frames]]>
    </failure>
  </testcase> <!-- checkcontentEncoding -->
  <testcase name="checkserverType" time="0.001" classname="employeeapi.testCases.TC003_Post_Employee_Record">
    <failure type="java.lang.AssertionError" message="expected:&amp;lt;nginx/1.16.0&amp;gt; but was:&amp;lt;nginx/1.14.1&amp;gt;">
      <![CDATA[java.lang.AssertionError: expected:<nginx/1.16.0> but was:<nginx/1.14.1>
at employeeapi.testCases.TC003_Post_Employee_Record.checkserverType(TC003_Post_Employee_Record.java:106)
... Removed 27 stack frames]]>
    </failure>
  </testcase> <!-- checkserverType -->
  <testcase name="checkstatusLine" time="0.001" classname="employeeapi.testCases.TC003_Post_Employee_Record"/>
  <testcase name="checkContentType" time="0.002" classname="employeeapi.testCases.TC005_Delete_Employee_Record">
    <failure type="java.lang.AssertionError" message="expected:&amp;lt;application/json;charset=utf-8&amp;gt; but was:&amp;lt;text/html; charset=UTF-8&amp;gt;">
      <![CDATA[java.lang.AssertionError: expected:<application/json;charset=utf-8> but was:<text/html; charset=UTF-8>
at employeeapi.testCases.TC005_Delete_Employee_Record.checkContentType(TC005_Delete_Employee_Record.java:86)
... Removed 27 stack frames]]>
    </failure>
  </testcase> <!-- checkContentType -->
  <testcase name="checkResposeBody" time="0.001" classname="employeeapi.testCases.TC005_Delete_Employee_Record">
    <failure type="java.lang.AssertionError" message="expected:&amp;lt;false&amp;gt; but was:&amp;lt;true&amp;gt;">
      <![CDATA[java.lang.AssertionError: expected:<false> but was:<true>
at employeeapi.testCases.TC005_Delete_Employee_Record.checkResposeBody(TC005_Delete_Employee_Record.java:63)
... Removed 30 stack frames]]>
    </failure>
  </testcase> <!-- checkResposeBody -->
  <testcase name="checkStatusCode" time="0.001" classname="employeeapi.testCases.TC005_Delete_Employee_Record"/>
  <testcase name="checkcontentEncoding" time="0.0" classname="employeeapi.testCases.TC005_Delete_Employee_Record">
    <failure type="java.lang.AssertionError" message="expected:&amp;lt;null&amp;gt; but was:&amp;lt;gzip&amp;gt;">
      <![CDATA[java.lang.AssertionError: expected:<null> but was:<gzip>
at employeeapi.testCases.TC005_Delete_Employee_Record.checkcontentEncoding(TC005_Delete_Employee_Record.java:100)
... Removed 27 stack frames]]>
    </failure>
  </testcase> <!-- checkcontentEncoding -->
  <testcase name="checkserverType" time="0.001" classname="employeeapi.testCases.TC005_Delete_Employee_Record">
    <failure type="java.lang.AssertionError" message="expected:&amp;lt;nginx/1.16.0&amp;gt; but was:&amp;lt;nginx/1.14.1&amp;gt;">
      <![CDATA[java.lang.AssertionError: expected:<nginx/1.16.0> but was:<nginx/1.14.1>
at employeeapi.testCases.TC005_Delete_Employee_Record.checkserverType(TC005_Delete_Employee_Record.java:93)
... Removed 27 stack frames]]>
    </failure>
  </testcase> <!-- checkserverType -->
  <testcase name="checkstatusLine" time="0.0" classname="employeeapi.testCases.TC005_Delete_Employee_Record"/>
  <testcase name="checkContentLenght" time="0.001" classname="employeeapi.testCases.TC002_Get_Single_Employee_Record"/>
  <testcase name="checkContentType" time="0.001" classname="employeeapi.testCases.TC002_Get_Single_Employee_Record">
    <failure type="java.lang.AssertionError" message="expected:&amp;lt;application/json;charset=utf-8&amp;gt; but was:&amp;lt;text/html; charset=UTF-8&amp;gt;">
      <![CDATA[java.lang.AssertionError: expected:<application/json;charset=utf-8> but was:<text/html; charset=UTF-8>
at employeeapi.testCases.TC002_Get_Single_Employee_Record.checkContentType(TC002_Get_Single_Employee_Record.java:83)
... Removed 27 stack frames]]>
    </failure>
  </testcase> <!-- checkContentType -->
  <testcase name="checkResponseTime" time="0.0" classname="employeeapi.testCases.TC002_Get_Single_Employee_Record"/>
  <testcase name="checkResposeBody" time="0.0" classname="employeeapi.testCases.TC002_Get_Single_Employee_Record">
    <failure type="java.lang.AssertionError" message="expected:&amp;lt;false&amp;gt; but was:&amp;lt;true&amp;gt;">
      <![CDATA[java.lang.AssertionError: expected:<false> but was:<true>
at employeeapi.testCases.TC002_Get_Single_Employee_Record.checkResposeBody(TC002_Get_Single_Employee_Record.java:53)
... Removed 30 stack frames]]>
    </failure>
  </testcase> <!-- checkResposeBody -->
  <testcase name="checkStatusCode" time="0.001" classname="employeeapi.testCases.TC002_Get_Single_Employee_Record">
    <failure type="java.lang.AssertionError" message="expected:&amp;lt;400&amp;gt; but was:&amp;lt;200&amp;gt;">
      <![CDATA[java.lang.AssertionError: expected:<400> but was:<200>
at employeeapi.testCases.TC002_Get_Single_Employee_Record.checkStatusCode(TC002_Get_Single_Employee_Record.java:60)
... Removed 30 stack frames]]>
    </failure>
  </testcase> <!-- checkStatusCode -->
  <testcase name="checkserverType" time="0.001" classname="employeeapi.testCases.TC002_Get_Single_Employee_Record">
    <failure type="java.lang.AssertionError" message="expected:&amp;lt;nginx/1.16.0&amp;gt; but was:&amp;lt;nginx/1.14.1&amp;gt;">
      <![CDATA[java.lang.AssertionError: expected:<nginx/1.16.0> but was:<nginx/1.14.1>
at employeeapi.testCases.TC002_Get_Single_Employee_Record.checkserverType(TC002_Get_Single_Employee_Record.java:90)
... Removed 27 stack frames]]>
    </failure>
  </testcase> <!-- checkserverType -->
  <testcase name="checkstatusLine" time="0.001" classname="employeeapi.testCases.TC002_Get_Single_Employee_Record">
    <failure type="java.lang.AssertionError" message="expected:&amp;lt;HTTP/1.1 400 Bad Request&amp;gt; but was:&amp;lt;HTTP/1.1 200 OK&amp;gt;">
      <![CDATA[java.lang.AssertionError: expected:<HTTP/1.1 400 Bad Request> but was:<HTTP/1.1 200 OK>
at employeeapi.testCases.TC002_Get_Single_Employee_Record.checkstatusLine(TC002_Get_Single_Employee_Record.java:75)
... Removed 27 stack frames]]>
    </failure>
  </testcase> <!-- checkstatusLine -->
</testsuite> <!-- Test -->
